Determining if the pthread_create exist failed with the following output:
Change Dir: /home/andres/Documents/NAO/naoqi/doc/dev/cpp/examples/sensors/bumper/build-naoqi-sdk/CMakeFiles/CMakeTmp

Run Build Command:/usr/bin/make "cmTryCompileExec2217917654/fast"
/usr/bin/make -f CMakeFiles/cmTryCompileExec2217917654.dir/build.make CMakeFiles/cmTryCompileExec2217917654.dir/build
make[1]: Entering directory `/home/andres/Documents/NAO/naoqi/doc/dev/cpp/examples/sensors/bumper/build-naoqi-sdk/CMakeFiles/CMakeTmp'
/usr/bin/cmake -E cmake_progress_report /home/andres/Documents/NAO/naoqi/doc/dev/cpp/examples/sensors/bumper/build-naoqi-sdk/CMakeFiles/CMakeTmp/CMakeFiles 1
Building C object CMakeFiles/cmTryCompileExec2217917654.dir/CheckSymbolExists.c.o
/usr/bin/cc    -o CMakeFiles/cmTryCompileExec2217917654.dir/CheckSymbolExists.c.o   -c /home/andres/Documents/NAO/naoqi/doc/dev/cpp/examples/sensors/bumper/build-naoqi-sdk/CMakeFiles/CMakeTmp/CheckSymbolExists.c
Linking C executable cmTryCompileExec2217917654
/usr/bin/cmake -E cmake_link_script CMakeFiles/cmTryCompileExec2217917654.dir/link.txt --verbose=1
/usr/bin/cc       CMakeFiles/cmTryCompileExec2217917654.dir/CheckSymbolExists.c.o  -o cmTryCompileExec2217917654 -rdynamic 
CMakeFiles/cmTryCompileExec2217917654.dir/CheckSymbolExists.c.o: In function `main':
CheckSymbolExists.c:(.text+0x16): undefined reference to `pthread_create'
collect2: error: ld returned 1 exit status
make[1]: Leaving directory `/home/andres/Documents/NAO/naoqi/doc/dev/cpp/examples/sensors/bumper/build-naoqi-sdk/CMakeFiles/CMakeTmp'
make[1]: *** [cmTryCompileExec2217917654] Error 1
make: *** [cmTryCompileExec2217917654/fast] Error 2

File /home/andres/Documents/NAO/naoqi/doc/dev/cpp/examples/sensors/bumper/build-naoqi-sdk/CMakeFiles/CMakeTmp/CheckSymbolExists.c:
/* */
#include <pthread.h>

int main(int argc, char** argv)
{
  (void)argv;
#ifndef pthread_create
  return ((int*)(&pthread_create))[argc];
#else
  (void)argc;
  return 0;
#endif
}

Determining if the function pthread_create exists in the pthreads failed with the following output:
Change Dir: /home/andres/Documents/NAO/naoqi/doc/dev/cpp/examples/sensors/bumper/build-naoqi-sdk/CMakeFiles/CMakeTmp

Run Build Command:/usr/bin/make "cmTryCompileExec3304064258/fast"
/usr/bin/make -f CMakeFiles/cmTryCompileExec3304064258.dir/build.make CMakeFiles/cmTryCompileExec3304064258.dir/build
make[1]: Entering directory `/home/andres/Documents/NAO/naoqi/doc/dev/cpp/examples/sensors/bumper/build-naoqi-sdk/CMakeFiles/CMakeTmp'
/usr/bin/cmake -E cmake_progress_report /home/andres/Documents/NAO/naoqi/doc/dev/cpp/examples/sensors/bumper/build-naoqi-sdk/CMakeFiles/CMakeTmp/CMakeFiles 1
Building C object CMakeFiles/cmTryCompileExec3304064258.dir/CheckFunctionExists.c.o
/usr/bin/cc   -DCHECK_FUNCTION_EXISTS=pthread_create   -o CMakeFiles/cmTryCompileExec3304064258.dir/CheckFunctionExists.c.o   -c /usr/share/cmake-2.8/Modules/CheckFunctionExists.c
Linking C executable cmTryCompileExec3304064258
/usr/bin/cmake -E cmake_link_script CMakeFiles/cmTryCompileExec3304064258.dir/link.txt --verbose=1
/usr/bin/cc   -DCHECK_FUNCTION_EXISTS=pthread_create    CMakeFiles/cmTryCompileExec3304064258.dir/CheckFunctionExists.c.o  -o cmTryCompileExec3304064258 -rdynamic -lpthreads 
/usr/bin/ld: cannot find -lpthreads
collect2: error: ld returned 1 exit status
make[1]: Leaving directory `/home/andres/Documents/NAO/naoqi/doc/dev/cpp/examples/sensors/bumper/build-naoqi-sdk/CMakeFiles/CMakeTmp'
make[1]: *** [cmTryCompileExec3304064258] Error 1
make: *** [cmTryCompileExec3304064258/fast] Error 2


